ch_My room	31/01/2018	00:15:15		guest675 joins My room
ch_My room	31/01/2018	00:46:17		guest167 joins My room
ch_My room	31/01/2018	00:48:03	guest167	esyew quit (timeout)
ch_My room	31/01/2018	00:49:11	guest167	esyew quit (timeout)
ch_My room	31/01/2018	00:54:23	esyew	guest167 quit (timeout)
ch_My room	31/01/2018	00:59:32	guest167	esyew quit (timeout)
ch_My room	31/01/2018	01:00:58	guest167	esyew quit (timeout)
ch_My room	31/01/2018	01:02:15	guest167	esyew quit (timeout)
ch_My room	31/01/2018	01:03:07	guest167	esyew quit (timeout)
ch_My room	31/01/2018	01:09:02	guest167	esyew quit (timeout)
ch_My room	31/01/2018	01:10:13	guest167	esyew quit (timeout)
ch_My room	31/01/2018	01:16:04	guest167	esyew quit (timeout)
ch_My room	31/01/2018	01:17:22	guest167	esyew quit (timeout)
ch_My room	31/01/2018	01:21:43	guest167	esyew quit (timeout)
ch_My room	31/01/2018	01:28:26	esyew	guest167 quit (timeout)
ch_My room	31/01/2018	01:36:13	guest167	esyew quit (timeout)
ch_My room	31/01/2018	02:04:35	guest167	esyew quit (timeout)
ch_My room	31/01/2018	02:11:33	esyew	guest167 quit (timeout)
ch_My room	31/01/2018	02:31:55	esyew	guest167 quit (timeout)
ch_My room	31/01/2018	02:41:13	guest167	esyew quit (timeout)
ch_My room	31/01/2018	02:52:19	guest167	esyew quit (timeout)
ch_My room	31/01/2018	02:53:07	esyew	guest167 quit (timeout)
ch_My room	31/01/2018	03:03:57	esyew	guest167 quit (timeout)
ch_My room	31/01/2018	03:15:01	esyew	guest167 quit (timeout)
ch_My room	31/01/2018	03:25:18	esyew	guest167 quit (timeout)
ch_My room	31/01/2018	03:36:10	guest167	esyew quit (timeout)
ch_My room	31/01/2018	03:37:05	esyew	guest167 quit (timeout)
ch_My room	31/01/2018	03:48:37	esyew	guest167 quit (timeout)
ch_My room	31/01/2018	04:00:25	esyew	guest167 quit (timeout)
ch_My room	31/01/2018	15:38:01		guest783 joins My room
ch_My room	31/01/2018	15:44:45	guest783	guest783 changes nickname to esyew
ch_My room	31/01/2018	15:45:50	esyew	I would like to promote a:Dlighted man
ch_My room	31/01/2018	15:46:07	esyew	>>
ch_My room	31/01/2018	15:46:09	esyew	>>>
ch_My room	31/01/2018	15:46:13	esyew	<<<
ch_My room	31/01/2018	15:46:19	esyew	j
ch_My room	31/01/2018	15:46:20	esyew	j
ch_My room	31/01/2018	15:46:20	esyew	j
ch_My room	31/01/2018	15:46:20	esyew	j
ch_My room	31/01/2018	15:46:20	esyew	
ch_My room	31/01/2018	15:46:21	esyew	j
ch_My room	31/01/2018	15:46:21	esyew	
ch_My room	31/01/2018	15:46:21	esyew	j
ch_My room	31/01/2018	15:46:22	esyew	j
ch_My room	31/01/2018	15:48:09	esyew	esyew changes nickname to Admin
ch_My room	31/01/2018	15:53:43	Admin	hello
ch_My room	31/01/2018	15:56:23	Admin	january
ch_My room	31/01/2018	15:56:36	Admin	Admin changes nickname to cheese
ch_My room	31/01/2018	15:56:52	cheese	Would you like to paly a game
ch_My room	01/02/2018	04:40:22		guest77 joins My room
ch_My room	01/02/2018	04:40:28		guest279 joins My room
ch_My room	01/02/2018	04:41:10	guest279	guest77 quit (timeout)
ch_My room	01/02/2018	04:43:25		guest996 joins My room
pv_3325ac09f34f134cda396b18f4d39b5abec92132_9368b2729267df581a28eaa5e0694304534228c0	01/02/2018	04:43:40	guest279	hey how you doing today
ch_My room	01/02/2018	05:17:21		guest279 joins My room
ch_My room	01/02/2018	05:21:47		guest407 joins My room
ch_My room	01/02/2018	05:21:52		guest257 joins My room
ch_My room	01/02/2018	05:22:05		guest537 joins My room
ch_My room	01/02/2018	05:22:30	guest279	guest257 quit (timeout)
ch_My room	01/02/2018	05:22:46	guest537	guest407 quit (timeout)
ch_My room	01/02/2018	05:24:10	guest279	guest537 quit (timeout)
ch_My room	01/02/2018	05:25:39	guest279	guest279 changes nickname to esyew
ch_My room	01/02/2018	05:26:23	esyew	All the junk messages above this are tests I did to check lag and other things. 
ch_My room	01/02/2018	05:28:12	esyew	cheese banished from My room by esyew
ch_My room	01/02/2018	05:30:00		guest468 joins My room
ch_My room	01/02/2018	05:30:39	guest468	I want to ban myself, ban me, me!
ch_My room	01/02/2018	05:31:11	esyew	Really? Okay... (What is wrong with me, just texting myself)
ch_My room	01/02/2018	05:31:27	esyew	guest468 banished from My room by esyew
ch_My room	01/02/2018	05:31:28	guest468	guest468 quit (kicked from My room by esyew - reason: You bitterly asked for it)
	01/02/2018	05:31:59	esyew2	f
	01/02/2018	05:32:02	esyew2	f
	01/02/2018	05:32:02	esyew2	
	01/02/2018	05:32:03	esyew2	f
	01/02/2018	05:32:05	esyew2	
	01/02/2018	05:32:06	esyew2	d
ch_My room	01/02/2018	05:32:42	esyew	esyew quit
ch_My room	01/02/2018	05:33:06		guest222 joins My room
ch_My room	01/02/2018	05:33:27		guest285 joins My room
ch_My room	01/02/2018	05:33:36	guest285	guest285 changes nickname to esyew
ch_My room	01/02/2018	05:34:26	esyew	
ch_My room	01/02/2018	05:34:31	esyew	hello
ch_My room	01/02/2018	05:36:43	guest222	esyew quit (timeout)
ch_My room	01/02/2018	05:37:19	esyew	and those messages as well
ch_My room	01/02/2018	05:38:06	esyew	esyew quit
ch_My room	01/02/2018	05:38:15		esyew joins My room
pv_3325ac09f34f134cda396b18f4d39b5abec92132_9368b2729267df581a28eaa5e0694304534228c0	01/02/2018	05:39:16	esyew	hello
ch_My room	01/02/2018	05:41:44		guest650 joins My room
ch_My room	01/02/2018	19:54:12		guest218 joins My room
ch_My room	01/02/2018	19:58:05		guest463 joins My room
ch_My room	01/02/2018	19:58:11	guest463	hi
ch_My room	01/02/2018	19:58:18	guest218	hi
pv_a0e3590ea798df8cd164ab294d14e638ba9f27e5_f5f8d18c6b0d06d612100c2e6a7b957b5db518fe	01/02/2018	19:58:36	guest218	hello
pv_a0e3590ea798df8cd164ab294d14e638ba9f27e5_f5f8d18c6b0d06d612100c2e6a7b957b5db518fe	01/02/2018	19:58:52	guest463	hi
ch_My room	01/02/2018	19:58:55	guest218	guest218 changes nickname to esyew
pv_a0e3590ea798df8cd164ab294d14e638ba9f27e5_f5f8d18c6b0d06d612100c2e6a7b957b5db518fe	01/02/2018	19:58:55	guest218	guest218 changes nickname to esyew
pv_a0e3590ea798df8cd164ab294d14e638ba9f27e5_f5f8d18c6b0d06d612100c2e6a7b957b5db518fe	01/02/2018	20:08:28	guest463	:)
ch_My room	01/02/2018	20:08:40	esyew	esyew quit
pv_a0e3590ea798df8cd164ab294d14e638ba9f27e5_f5f8d18c6b0d06d612100c2e6a7b957b5db518fe	01/02/2018	20:08:40	esyew	esyew quit
ch_My room	01/02/2018	20:08:45		esyew joins My room
pv_a0e3590ea798df8cd164ab294d14e638ba9f27e5_f5f8d18c6b0d06d612100c2e6a7b957b5db518fe	01/02/2018	20:08:54	guest463	:lol:
pv_a0e3590ea798df8cd164ab294d14e638ba9f27e5_f5f8d18c6b0d06d612100c2e6a7b957b5db518fe	01/02/2018	20:16:11	guest463	sorry
pv_a0e3590ea798df8cd164ab294d14e638ba9f27e5_f5f8d18c6b0d06d612100c2e6a7b957b5db518fe	01/02/2018	20:31:47	esyew	hi
pv_a0e3590ea798df8cd164ab294d14e638ba9f27e5_f5f8d18c6b0d06d612100c2e6a7b957b5db518fe	01/02/2018	20:35:52	esyew	hi
pv_a0e3590ea798df8cd164ab294d14e638ba9f27e5_f5f8d18c6b0d06d612100c2e6a7b957b5db518fe	01/02/2018	20:44:09	esyew	please stop dancing
pv_a0e3590ea798df8cd164ab294d14e638ba9f27e5_f5f8d18c6b0d06d612100c2e6a7b957b5db518fe	01/02/2018	20:44:20	guest463	BBBBBBBBBBBBBOOOOOOOOOOOOOOIIIIIIIIIIIIIIIIIIIIIIIIIIIIIII!!!!!!!!!!!!!!!!!!!!!
ch_My room	01/02/2018	20:45:42	guest463	esyew quit (timeout)
pv_a0e3590ea798df8cd164ab294d14e638ba9f27e5_f5f8d18c6b0d06d612100c2e6a7b957b5db518fe	01/02/2018	20:45:42	guest463	esyew quit (timeout)
ch_My room	02/02/2018	04:31:51		guest806 joins My room
ch_My room	02/02/2018	16:39:18		guest462 joins My room
ch_My room	06/02/2018	16:10:24		guest636 joins My room
ch_My room	06/02/2018	16:11:29		guest613 joins My room
ch_My room	06/02/2018	16:12:08	guest613	hi
pv_47cc54674b36956bec058b190781298c1f9fe4ee_8e8266008fca7f60ce8dce60184cb9f97e3e4860	06/02/2018	16:12:14	guest636	hello
pv_47cc54674b36956bec058b190781298c1f9fe4ee_8e8266008fca7f60ce8dce60184cb9f97e3e4860	06/02/2018	16:12:22	guest613	hey dad
pv_47cc54674b36956bec058b190781298c1f9fe4ee_8e8266008fca7f60ce8dce60184cb9f97e3e4860	06/02/2018	16:12:25	guest636	Are you gay
pv_47cc54674b36956bec058b190781298c1f9fe4ee_8e8266008fca7f60ce8dce60184cb9f97e3e4860	06/02/2018	16:12:28	guest613	no
pv_47cc54674b36956bec058b190781298c1f9fe4ee_8e8266008fca7f60ce8dce60184cb9f97e3e4860	06/02/2018	16:18:15	guest613	hiiiiiiiiiiiiiiiiiiiiiiiiiiiiiiiiiiiiiiiiiiiiiiiiiiiiiiiiiiiiiiii
